build/app/intermediates/manifest_merge_blame_file/debug/manifest-merger-blame-debug-report.txt
1<?xml version="1.0" encoding="utf-8"?>
2<manifest xmlns:android="http://schemas.android.com/apk/res/android"
3    package="com.example.alarm_manager"
4    android:versionCode="1"
5    android:versionName="1.0.0" >
6
7    <uses-sdk
8        android:minSdkVersion="16"
9        android:targetSdkVersion="28" />
10    <!--
11         Flutter needs it to communicate with the running application
12         to allow setting breakpoints, to provide hot reload, etc.
13    -->
14    <uses-permission android:name="android.permission.INTERNET" />
14-->src/main/AndroidManifest.xml:5:5-66
14-->src/main/AndroidManifest.xml:5:22-64
15    <uses-permission android:name="android.permission.RECEIVE_BOOT_COMPLETED" />
15-->src/main/AndroidManifest.xml:3:5-80
15-->src/main/AndroidManifest.xml:3:22-78
16    <uses-permission android:name="android.permission.WAKE_LOCK" />
16-->src/main/AndroidManifest.xml:4:5-67
16-->src/main/AndroidManifest.xml:4:22-65
17    <uses-permission android:name="android.permission.VIBRATE" />
17-->src/main/AndroidManifest.xml:6:5-66
17-->src/main/AndroidManifest.xml:6:22-63
18    <!--
19 io.flutter.app.FlutterApplication is an android.app.Application that
20         calls FlutterMain.startInitialization(this); in its onCreate method.
21         In most cases you can leave this as-is, but you if you want to provide
22         additional functionality it is fine to subclass or reimplement
23         FlutterApplication and put your custom class here.
24    -->
25    <application
25-->src/main/AndroidManifest.xml:13:5-50:19
26        android:name="io.flutter.app.FlutterApplication"
26-->src/main/AndroidManifest.xml:14:9-57
27        android:appComponentFactory="androidx.core.app.CoreComponentFactory"
27-->[androidx.core:core:1.1.0] AndroidManifest.xml:24:18-86
28        android:debuggable="true"
29        android:icon="@mipmap/ic_launcher"
29-->src/main/AndroidManifest.xml:16:9-43
30        android:label="alarm_manager" >
30-->src/main/AndroidManifest.xml:15:9-38
31        <activity
31-->src/main/AndroidManifest.xml:17:9-28:20
32            android:name="com.example.alarm_manager.MainActivity"
32-->src/main/AndroidManifest.xml:18:13-41
33            android:configChanges="orientation|keyboardHidden|keyboard|screenSize|smallestScreenSize|locale|layoutDirection|fontScale|screenLayout|density|uiMode"
33-->src/main/AndroidManifest.xml:21:13-163
34            android:hardwareAccelerated="true"
34-->src/main/AndroidManifest.xml:22:13-47
35            android:launchMode="singleTop"
35-->src/main/AndroidManifest.xml:19:13-43
36            android:theme="@style/LaunchTheme"
36-->src/main/AndroidManifest.xml:20:13-47
37            android:windowSoftInputMode="adjustResize" >
37-->src/main/AndroidManifest.xml:23:13-55
38            <intent-filter>
38-->src/main/AndroidManifest.xml:24:13-27:29
39                <action android:name="android.intent.action.MAIN" />
39-->src/main/AndroidManifest.xml:25:17-68
39-->src/main/AndroidManifest.xml:25:25-66
40
41                <category android:name="android.intent.category.LAUNCHER" />
41-->src/main/AndroidManifest.xml:26:17-76
41-->src/main/AndroidManifest.xml:26:27-74
42            </intent-filter>
43        </activity>
44        <!--
45             Don't delete the meta-data below.
46             This is used by the Flutter tool to generate GeneratedPluginRegistrant.java
47        -->
48        <meta-data
48-->src/main/AndroidManifest.xml:31:9-33:33
49            android:name="flutterEmbedding"
49-->src/main/AndroidManifest.xml:32:13-44
50            android:value="2" />
50-->src/main/AndroidManifest.xml:33:13-30
51
52        <service
52-->src/main/AndroidManifest.xml:35:9-38:39
53            android:name="io.flutter.plugins.androidalarmmanager.AlarmService"
53-->src/main/AndroidManifest.xml:36:13-79
54            android:exported="false"
54-->src/main/AndroidManifest.xml:38:13-37
55            android:permission="android.permission.BIND_JOB_SERVICE" />
55-->src/main/AndroidManifest.xml:37:13-69
56
57        <receiver
57-->src/main/AndroidManifest.xml:39:9-41:39
58            android:name="io.flutter.plugins.androidalarmmanager.AlarmBroadcastReceiver"
58-->src/main/AndroidManifest.xml:40:13-89
59            android:exported="false" />
59-->src/main/AndroidManifest.xml:41:13-37
60        <receiver
60-->src/main/AndroidManifest.xml:42:9-48:20
61            android:name="io.flutter.plugins.androidalarmmanager.RebootBroadcastReceiver"
61-->src/main/AndroidManifest.xml:43:13-90
62            android:enabled="false" >
62-->src/main/AndroidManifest.xml:44:13-36
63            <intent-filter>
63-->src/main/AndroidManifest.xml:45:13-47:29
64                <action android:name="android.intent.action.BOOT_COMPLETED" />
64-->src/main/AndroidManifest.xml:46:17-86
64-->src/main/AndroidManifest.xml:46:25-76
65            </intent-filter>
66        </receiver>
67    </application>
68
69</manifest>